<?xml version="1.0" encoding="UTF-8"?>
<!-- Generated by org.testng.reporters.JUnitReportReporter -->
<testsuite hostname="DESKTOP-QJLSV9M" failures="0" tests="1" name="Testsign.Sgin" time="2.980" errors="0" timestamp="2023-01-11T10:53:22 IST" skipped="0">
  <testcase classname="Testsign.Sgin" name="LaunchApp" time="2.980"/>
  <system-out/>
</testsuite> <!-- Testsign.Sgin -->
