<?xml version="1.0" encoding="UTF-8"?>
<!-- Generated by org.testng.reporters.JUnitReportReporter -->
<testsuite hostname="DESKTOP-QJLSV9M" failures="0" tests="1" name="testcase.AddClientTest" time="17.285" errors="0" timestamp="2023-01-20T17:22:48 IST" skipped="0">
  <testcase classname="testcase.AddClientTest" name="AddClient" time="17.285"/>
  <system-out>
    <![CDATA[https://testing.d2okaspacdbhs.amplifyapp.com/login/is matching to thehttps://testing.d2okaspacdbhs.amplifyapp.com/dashboard
https://testing.d2okaspacdbhs.amplifyapp.com/personal-recordis matching to thehttps://testing.d2okaspacdbhs.amplifyapp.com/personal-record
https://testing.d2okaspacdbhs.amplifyapp.com/client/Addis matching to thehttps://testing.d2okaspacdbhs.amplifyapp.com/devices/client/ADD
https://testing.d2okaspacdbhs.amplifyapp.com/personal-recordis matching to thehttps://testing.d2okaspacdbhs.amplifyapp.com/personal-record]]>
  </system-out>
</testsuite> <!-- testcase.AddClientTest -->
