<?xml version="1.0" encoding="UTF-8"?>
<!-- Generated by org.testng.reporters.JUnitReportReporter -->
<testsuite hostname="DESKTOP-QJLSV9M" failures="0" tests="1" name="testcase.AddDeviceClientTest" time="11.289" errors="0" timestamp="2023-01-31T09:53:59 IST" skipped="0">
  <testcase classname="testcase.AddDeviceClientTest" name="AddDeviceClient" time="11.289"/>
  <system-out>
    <![CDATA[https://testing.d2okaspacdbhs.amplifyapp.com/clientdashboard...is matching to the...https://testing.d2okaspacdbhs.amplifyapp.com/dashboard
https://testing.d2okaspacdbhs.amplifyapp.com/device-record...is matching to the...https://testing.d2okaspacdbhs.amplifyapp.com/device-record
https://testing.d2okaspacdbhs.amplifyapp.com/devices/client/ADD...is matching to the...https://testing.d2okaspacdbhs.amplifyapp.com/devices/client/ADD
https://testing.d2okaspacdbhs.amplifyapp.com/devices/client/ADD...is matching to the...https://testing.d2okaspacdbhs.amplifyapp.com/device-record]]>
  </system-out>
</testsuite> <!-- testcase.AddDeviceClientTest -->
