<?xml version="1.0" encoding="UTF-8"?>
<!-- Generated by org.testng.reporters.JUnitReportReporter -->
<testsuite hostname="DESKTOP-QJLSV9M" failures="0" tests="1" name="testcase.EditClientTest" time="47.295" errors="0" timestamp="2023-01-24T17:38:11 IST" skipped="0">
  <testcase classname="testcase.EditClientTest" name="EditClient" time="47.295"/>
  <system-out>
    <![CDATA[https://testing.d2okaspacdbhs.amplifyapp.com/dashboard...is matching to the...https://testing.d2okaspacdbhs.amplifyapp.com/dashboard
https://testing.d2okaspacdbhs.amplifyapp.com/personal-record...is matching to the...https://testing.d2okaspacdbhs.amplifyapp.com/personal-record
https://testing.d2okaspacdbhs.amplifyapp.com/client/06745f1c-e0e3-5084-8e56-0329920b4d5e...is matching to the...https://testing.d2okaspacdbhs.amplifyapp.com/client/cfea1376-60ef-5359-bb72-2706b237e322
https://testing.d2okaspacdbhs.amplifyapp.com/personal-record...is matching to the...https://testing.d2okaspacdbhs.amplifyapp.com/personal-record]]>
  </system-out>
</testsuite> <!-- testcase.EditClientTest -->
