<?xml version="1.0" encoding="UTF-8"?>
<!-- Generated by org.testng.reporters.JUnitReportReporter -->
<testsuite hostname="DESKTOP-QJLSV9M" failures="0" tests="1" name="testingScript.Sgin" time="1.140" errors="0" timestamp="2023-01-16T09:18:05 IST" skipped="0">
  <testcase classname="testingScript.Sgin" name="Signin" time="1.140"/>
  <system-out/>
</testsuite> <!-- testingScript.Sgin -->
